<?xml version="1.0" encoding="UTF-8"?>
<!-- Generated by org.testng.reporters.JUnitReportReporter -->
<testsuite skipped="0" hostname="EIS0209" name="tests.TestCases" tests="4" failures="0" timestamp="2023-06-26T10:33:27 EET" time="15.511" errors="0">
  <testcase name="case3_validatePlansBahrain" time="2.752" classname="tests.TestCases"/>
  <system-out/>
  <testcase name="case4_validatePlansKuwaitWhenArabic" time="5.966" classname="tests.TestCases"/>
  <system-out/>
  <testcase name="case2_validatePlansSaudi" time="1.389" classname="tests.TestCases"/>
  <system-out/>
  <testcase name="case1_validatePlansKuwait" time="5.404" classname="tests.TestCases"/>
  <system-out/>
</testsuite> <!-- tests.TestCases -->
